{
  "RSpec": {
    "coverage": {
      "/Users/daniel/Desktop/Makers/Week-10/bank-tech-test/spec/account_spec.rb": [
        1,
        null,
        1,
        null,
        6,
        1,
        6,
        null,
        1,
        5,
        null,
        null,
        1,
        1,
        null,
        null,
        1,
        1,
        null,
        null,
        1,
        1,
        null,
        null,
        1,
        4,
        null,
        null,
        1,
        4,
        null,
        null,
        null
      ],
      "/Users/daniel/Desktop/Makers/Week-10/bank-tech-test/lib/account.rb": [
        1,
        null,
        1,
        null,
        1,
        1,
        null,
        1,
        5,
        5,
        null,
        null,
        1,
        2,
        2,
        null,
        null,
        1,
        null,
        1,
        2,
        2,
        null,
        null,
        null
      ],
      "/Users/daniel/Desktop/Makers/Week-10/bank-tech-test/lib/log.rb": [
        1,
        null,
        1,
        null,
        1,
        null,
        1,
        7,
        null,
        null,
        1,
        3,
        null,
        null,
        null
      ],
      "/Users/daniel/Desktop/Makers/Week-10/bank-tech-test/lib/transaction.rb": [
        1,
        null,
        1,
        null,
        1,
        4,
        4,
        4,
        4,
        null,
        null,
        null
      ],
      "/Users/daniel/Desktop/Makers/Week-10/bank-tech-test/spec/formatter_spec.rb": [

      ],
      "/Users/daniel/Desktop/Makers/Week-10/bank-tech-test/spec/log_spec.rb": [
        1,
        null,
        1,
        null,
        3,
        1,
        3,
        null,
        1,
        2,
        2,
        2,
        null,
        null,
        1,
        1,
        null,
        null,
        1,
        1,
        1,
        null,
        null,
        null
      ],
      "/Users/daniel/Desktop/Makers/Week-10/bank-tech-test/spec/printer_spec.rb": [
        1,
        null,
        1,
        null,
        2,
        2,
        2,
        2,
        2,
        null,
        null,
        null,
        null,
        null,
        null,
        null,
        null,
        1,
        2,
        null,
        null,
        null,
        null,
        null,
        null,
        null
      ],
      "/Users/daniel/Desktop/Makers/Week-10/bank-tech-test/lib/printer.rb": [
        1,
        null,
        1,
        null,
        1,
        1,
        null,
        null,
        null
      ],
      "/Users/daniel/Desktop/Makers/Week-10/bank-tech-test/lib/formatter.rb": [
        1,
        null,
        1,
        null,
        1,
        1,
        1,
        null,
        null,
        1,
        null,
        1,
        1,
        1,
        3,
        3,
        null,
        null,
        null,
        1,
        3,
        3,
        3,
        null,
        null,
        null
      ],
      "/Users/daniel/Desktop/Makers/Week-10/bank-tech-test/spec/transaction_spec.rb": [
        1,
        null,
        1,
        null,
        4,
        2,
        null,
        1,
        1,
        null,
        null,
        1,
        1,
        null,
        null,
        1,
        1,
        null,
        null,
        1,
        1,
        null,
        null,
        null
      ]
    },
    "timestamp": 1527155281
  }
}
