{
  "RSpec": {
    "coverage": {
      "/Users/daniel/Desktop/Makers/Week-10/bank-tech-test/spec/account_spec.rb": [
        1,
        null,
        1,
        null,
        7,
        1,
        1,
        null,
        1,
        1,
        null,
        null,
        1,
        1,
        null,
        null,
        1,
        1,
        null,
        null,
        1,
        null,
        1,
        1,
        null,
        null,
        1,
        1,
        1,
        null,
        null,
        1,
        1,
        1,
        null,
        null,
        1,
        1,
        0,
        0,
        null,
        null,
        null,
        null,
        null
      ],
      "/Users/daniel/Desktop/Makers/Week-10/bank-tech-test/lib/account.rb": [
        1,
        null,
        1,
        null,
        1,
        6,
        6,
        null,
        null,
        1,
        2,
        2,
        2,
        null,
        null,
        null
      ],
      "/Users/daniel/Desktop/Makers/Week-10/bank-tech-test/spec/transaction_spec.rb": [
        1,
        null,
        1,
        null,
        4,
        2,
        null,
        null,
        1,
        1,
        null,
        null,
        1,
        1,
        null,
        null,
        1,
        1,
        null,
        null,
        1,
        1,
        null,
        null,
        null
      ],
      "/Users/daniel/Desktop/Makers/Week-10/bank-tech-test/lib/transaction.rb": [
        1,
        null,
        1,
        null,
        1,
        6,
        6,
        6,
        6,
        null,
        null,
        null
      ]
    },
    "timestamp": 1526914726
  }
}
